16 April 2018  10:06:17.984 PM

  rho = 0.0100     beta = 0.0000     n =  128
  -------------------------------------------
  iter        |res|       |dsol|        rcond
     1   2.1210E-18   4.9584E-18   2.6644E-03
  ******** Solution has been found. *********


  rho = 0.0100     beta = 0.0000     n =  128
  -------------------------------------------
  iter        |res|       |dsol|        rcond
     1   2.7783E-18   1.0521E-17   2.6644E-03
  ******** Solution has been found. *********


  rho = 0.0105     beta = 0.0000     n =  128
  -------------------------------------------
  iter        |res|       |dsol|        rcond
     1   3.2758E-12   1.0321E-05   2.8947E-03
     2   3.8489E-18   1.5593E-10   2.6646E-03
     3   2.2565E-18   2.3104E-17   2.6646E-03
  ******** Solution has been found. *********


  rho = 0.0105     beta = 0.0000     n =  128
  -------------------------------------------
  iter        |res|       |dsol|        rcond
     1   2.2633E-18   5.7920E-18   2.6646E-03
  ******** Solution has been found. *********


  rho = 0.0120     beta = 0.0000     n =  128
  -------------------------------------------
  iter        |res|       |dsol|        rcond
     1   3.8980E-11   3.3952E-05   2.4746E-03
     2   4.2419E-18   1.6223E-09   2.6652E-03
     3   2.7601E-18   1.1144E-17   2.6652E-03
  ******** Solution has been found. *********


  rho = 0.0120     beta = 0.0000     n =  128
  -------------------------------------------
  iter        |res|       |dsol|        rcond
     1   2.4750E-18   6.0546E-18   2.6652E-03
  ******** Solution has been found. *********


  rho = 0.0145     beta = 0.0000     n =  128
  -------------------------------------------
  iter        |res|       |dsol|        rcond
     1   1.7640E-10   6.6492E-05   2.4300E-03
     2   9.0192E-18   6.0736E-09   2.6663E-03
     3   2.4123E-18   4.4506E-17   2.6662E-03
  ******** Solution has been found. *********


  rho = 0.0145     beta = 0.0000     n =  128
  -------------------------------------------
  iter        |res|       |dsol|        rcond
     1   2.3039E-18   7.7249E-18   2.6662E-03
  ******** Solution has been found. *********


  rho = 0.0180     beta = 0.0000     n =  128
  -------------------------------------------
  iter        |res|       |dsol|        rcond
     1   6.3259E-10   1.1367E-04   2.4313E-03
     2   1.3553E-17   1.7552E-08   2.6677E-03
     3   3.4423E-18   2.4308E-16   2.6677E-03
  ******** Solution has been found. *********


  rho = 0.0180     beta = 0.0000     n =  128
  -------------------------------------------
  iter        |res|       |dsol|        rcond
     1   3.3068E-18   3.1984E-18   2.6677E-03
  ******** Solution has been found. *********


  rho = 0.0225     beta = 0.0000     n =  128
  -------------------------------------------
  iter        |res|       |dsol|        rcond
     1   1.9945E-09   1.8091E-04   2.4329E-03
     2   7.7300E-17   4.4329E-08   2.6696E-03
     3   6.8847E-18   1.5597E-15   2.6695E-03
  ******** Solution has been found. *********


  rho = 0.0225     beta = 0.0000     n =  128
  -------------------------------------------
  iter        |res|       |dsol|        rcond
     1   2.6292E-18   4.1267E-18   2.6695E-03
  ******** Solution has been found. *********


  rho = 0.0279     beta = 0.0000     n =  128
  -------------------------------------------
  iter        |res|       |dsol|        rcond
     1   5.6565E-09   2.7320E-04   2.4348E-03
     2   4.5443E-16   1.0125E-07   2.6718E-03
     3   1.1221E-17   8.0531E-15   2.6717E-03
  ******** Solution has been found. *********


  rho = 0.0279     beta = 0.0000     n =  128
  -------------------------------------------
  iter        |res|       |dsol|        rcond
     1   5.7497E-18   1.1052E-17   2.6717E-03
  ******** Solution has been found. *********


  rho = 0.0343     beta = 0.0000     n =  128
  -------------------------------------------
  iter        |res|       |dsol|        rcond
     1   1.4576E-08   3.9501E-04   2.4370E-03
     2   2.4211E-15   2.1237E-07   2.6742E-03
     3   1.2468E-17   3.5214E-14   2.6742E-03
  ******** Solution has been found. *********


  rho = 0.0343     beta = 0.0000     n =  128
  -------------------------------------------
  iter        |res|       |dsol|        rcond
     1   2.6292E-18   6.2884E-18   2.6742E-03
  ******** Solution has been found. *********


  rho = 0.0415     beta = 0.0000     n =  128
  -------------------------------------------
  iter        |res|       |dsol|        rcond
     1   3.4426E-08   5.5015E-04   2.4394E-03
     2   1.1011E-14   4.1353E-07   2.6770E-03
     3   1.4962E-17   1.3224E-13   2.6769E-03
  ******** Solution has been found. *********


  rho = 0.0415     beta = 0.0000     n =  128
  -------------------------------------------
  iter        |res|       |dsol|        rcond
     1   1.2577E-17   2.9707E-17   2.6769E-03
  ******** Solution has been found. *********


  rho = 0.0497     beta = 0.0000     n =  128
  -------------------------------------------
  iter        |res|       |dsol|        rcond
     1   7.5182E-08   7.4173E-04   2.4422E-03
     2   4.3397E-14   7.5429E-07   2.8179E-03
     3   1.9082E-17   4.3576E-13   2.8178E-03
  ******** Solution has been found. *********


  rho = 0.0497     beta = 0.0000     n =  128
  -------------------------------------------
  iter        |res|       |dsol|        rcond
     1   1.1926E-17   1.8780E-17   2.8178E-03
  ******** Solution has been found. *********


  rho = 0.0587     beta = 0.0000     n =  128
  -------------------------------------------
  iter        |res|       |dsol|        rcond
     1   1.5310E-07   9.7205E-04   2.4947E-03
     2   1.5076E-13   1.2988E-06   2.5461E-03
     3   4.2067E-17   1.2799E-12   2.8214E-03
  ******** Solution has been found. *********


  rho = 0.0587     beta = 0.0000     n =  128
  -------------------------------------------
  iter        |res|       |dsol|        rcond
     1   1.1005E-17   1.5179E-17   2.8214E-03
  ******** Solution has been found. *********


  rho = 0.0684     beta = 0.0000     n =  128
  -------------------------------------------
  iter        |res|       |dsol|        rcond
     1   2.9289E-07   1.2426E-03   2.4985E-03
     2   4.6718E-13   2.1255E-06   2.6333E-03
     3   3.3827E-17   3.3941E-12   2.5488E-03
  ******** Solution has been found. *********


  rho = 0.0684     beta = 0.0000     n =  128
  -------------------------------------------
  iter        |res|       |dsol|        rcond
     1   1.4854E-17   1.1276E-17   2.5488E-03
  ******** Solution has been found. *********


  rho = 0.0790     beta = 0.0000     n =  128
  -------------------------------------------
  iter        |res|       |dsol|        rcond
     1   5.2998E-07   1.5538E-03   2.5025E-03
     2   1.3080E-12   3.3242E-06   2.7537E-03
     3   3.4261E-17   8.2217E-12   2.6369E-03
  ******** Solution has been found. *********


  rho = 0.0790     beta = 0.0000     n =  128
  -------------------------------------------
  iter        |res|       |dsol|        rcond
     1   1.6480E-17   1.3424E-17   2.6369E-03
  ******** Solution has been found. *********


  rho = 0.0903     beta = 0.0000     n =  128
  -------------------------------------------
  iter        |res|       |dsol|        rcond
     1   9.1236E-07   1.9055E-03   2.5055E-03
     2   3.3477E-12   4.9928E-06   4.3925E-03
     3   5.3776E-17   1.8371E-11   4.3920E-03
  ******** Solution has been found. *********


  rho = 0.0903     beta = 0.0000     n =  128
  -------------------------------------------
  iter        |res|       |dsol|        rcond
     1   3.0358E-17   1.5829E-17   4.3920E-03
  ******** Solution has been found. *********


  rho = 0.1022     beta = 0.0000     n =  128
  -------------------------------------------
  iter        |res|       |dsol|        rcond
     1   1.5017E-06   2.2964E-03   2.5083E-03
     2   7.8998E-12   7.2305E-06   4.3993E-03
     3   4.8572E-17   3.8162E-11   4.3987E-03
  ******** Solution has been found. *********


  rho = 0.1022     beta = 0.0000     n =  128
  -------------------------------------------
  iter        |res|       |dsol|        rcond
     1   2.9490E-17   3.9899E-17   4.3987E-03
  ******** Solution has been found. *********


  rho = 0.1148     beta = 0.0000     n =  128
  -------------------------------------------
  iter        |res|       |dsol|        rcond
     1   2.3734E-06   2.7244E-03   2.5722E-03
     2   1.7314E-11   1.0131E-05   4.4071E-03
     3   6.0715E-17   7.4216E-11   4.4063E-03
  ******** Solution has been found. *********


  rho = 0.1148     beta = 0.0000     n =  128
  -------------------------------------------
  iter        |res|       |dsol|        rcond
     1   3.3827E-17   1.9082E-17   4.4063E-03
  ******** Solution has been found. *********


  rho = 0.1280     beta = 0.0000     n =  128
  -------------------------------------------
  iter        |res|       |dsol|        rcond
     1   3.6154E-06   3.1865E-03   2.5761E-03
     2   3.5479E-11   1.3774E-05   4.4133E-03
     3   4.5103E-17   1.3591E-10   4.4133E-03
     4   3.2526E-17   1.5613E-17   4.4133E-03
  ******** Solution has been found. *********


  rho = 0.1280     beta = 0.0000     n =  128
  -------------------------------------------
  iter        |res|       |dsol|        rcond
     1   4.1633E-17   7.3726E-18   4.4133E-03
  ******** Solution has been found. *********


  rho = 0.1417     beta = 0.0000     n =  128
  -------------------------------------------
  iter        |res|       |dsol|        rcond
     1   5.3261E-06   3.6793E-03   2.5798E-03
     2   6.8432E-11   1.8218E-05   4.4190E-03
     3   9.3675E-17   2.3554E-10   4.4189E-03
     4   5.8981E-17   3.4694E-17   4.4189E-03
  ******** Solution has been found. *********


  rho = 0.1417     beta = 0.0000     n =  128
  -------------------------------------------
  iter        |res|       |dsol|        rcond
     1   3.4694E-17   6.9389E-18   4.4189E-03
  ******** Solution has been found. *********


  rho = 0.1558     beta = 0.0000     n =  128
  -------------------------------------------
  iter        |res|       |dsol|        rcond
     1   7.6081E-06   4.1984E-03   2.5831E-03
     2   1.2477E-10   2.3491E-05   3.7851E-03
     3   1.0061E-16   3.8802E-10   4.4246E-03
     4   4.8572E-17   3.1008E-17   4.4246E-03
  ******** Solution has been found. *********


  rho = 0.1558     beta = 0.0000     n =  128
  -------------------------------------------
  iter        |res|       |dsol|        rcond
     1   3.6429E-17   1.8215E-17   4.4246E-03
  ******** Solution has been found. *********


  rho = 0.1704     beta = 0.0000     n =  128
  -------------------------------------------
  iter        |res|       |dsol|        rcond
     1   1.0565E-05   4.7390E-03   2.6760E-03
     2   2.1608E-10   2.9587E-05   3.7906E-03
     3   1.2837E-16   6.0987E-10   3.7905E-03
     4   9.0206E-17   3.6104E-17   3.7905E-03
  ******** Solution has been found. *********


  rho = 0.1704     beta = 0.0000     n =  128
  -------------------------------------------
  iter        |res|       |dsol|        rcond
     1   7.2858E-17   1.2902E-17   3.7905E-03
  ******** Solution has been found. *********


  rho = 0.1853     beta = 0.0000     n =  128
  -------------------------------------------
  iter        |res|       |dsol|        rcond
     1   1.4294E-05   5.2960E-03   2.6797E-03
     2   3.5683E-10   3.6461E-05   3.7960E-03
     3   1.0799E-16   9.1774E-10   3.7959E-03
     4   6.9389E-17   4.1633E-17   3.7959E-03
  ******** Solution has been found. *********


  rho = 0.1853     beta = 0.0000     n =  128
  -------------------------------------------
  iter        |res|       |dsol|        rcond
     1   4.8572E-17   1.3878E-17   3.7959E-03
  ******** Solution has been found. *********


  rho = 0.2005     beta = 0.0000     n =  128
  -------------------------------------------
  iter        |res|       |dsol|        rcond
     1   1.8877E-05   5.8637E-03   2.6831E-03
     2   5.6388E-10   4.4029E-05   3.8012E-03
     3   2.1511E-16   1.3262E-09   3.8012E-03
     4   7.4593E-17   2.6021E-17   3.8012E-03
  ******** Solution has been found. *********


  rho = 0.2005     beta = 0.0000     n =  128
  -------------------------------------------
  iter        |res|       |dsol|        rcond
     1   9.0206E-17   3.1225E-17   3.8012E-03
  ******** Solution has been found. *********


  rho = 0.2159     beta = 0.0000     n =  128
  -------------------------------------------
  iter        |res|       |dsol|        rcond
     1   2.4379E-05   6.4364E-03   2.6862E-03
     2   8.5575E-10   5.2168E-05   3.8063E-03
     3   1.6653E-16   1.8456E-09   3.8063E-03
     4   1.3184E-16   4.1633E-17   3.8063E-03
  ******** Solution has been found. *********


  rho = 0.2159     beta = 0.0000     n =  128
  -------------------------------------------
  iter        |res|       |dsol|        rcond
     1   7.6328E-17   1.0842E-17   3.8063E-03
  ******** Solution has been found. *********


  rho = 0.2315     beta = 0.0000     n =  128
  -------------------------------------------
  iter        |res|       |dsol|        rcond
     1   3.0833E-05   7.0081E-03   2.6887E-03
     2   1.2505E-09   6.0722E-05   3.4747E-03
     3   2.2204E-16   2.4792E-09   3.4746E-03
     4   1.3184E-16   3.1225E-17   3.4746E-03
  ******** Solution has been found. *********


  rho = 0.2315     beta = 0.0000     n =  128
  -------------------------------------------
  iter        |res|       |dsol|        rcond
     1   1.3878E-16   1.3878E-17   3.4746E-03
  ******** Solution has been found. *********


  rho = 0.2471     beta = 0.0000     n =  128
  -------------------------------------------
  iter        |res|       |dsol|        rcond
     1   3.8240E-05   7.5726E-03   2.6909E-03
     2   1.7643E-09   6.9508E-05   3.4789E-03
     3   2.0817E-16   3.2219E-09   3.4788E-03
     4   1.3878E-16   2.0817E-17   3.4788E-03
  ******** Solution has been found. *********


  rho = 0.2471     beta = 0.0000     n =  128
  -------------------------------------------
  iter        |res|       |dsol|        rcond
     1   1.1102E-16   1.7347E-17   3.4788E-03
  ******** Solution has been found. *********


  rho = 0.2629     beta = 0.0000     n =  128
  -------------------------------------------
  iter        |res|       |dsol|        rcond
     1   4.6560E-05   8.1238E-03   2.6927E-03
     2   2.4079E-09   7.8317E-05   3.4828E-03
     3   3.1919E-16   4.0585E-09   3.4828E-03
     4   1.9429E-16   2.0817E-17   3.4828E-03
  ******** Solution has been found. *********


  rho = 0.2629     beta = 0.0000     n =  128
  -------------------------------------------
  iter        |res|       |dsol|        rcond
     1   1.1102E-16   1.3878E-17   3.4828E-03
  ******** Solution has been found. *********


  rho = 0.2785     beta = 0.0000     n =  128
  -------------------------------------------
  iter        |res|       |dsol|        rcond
     1   5.5714E-05   8.6553E-03   2.8197E-03
     2   3.1875E-09   8.6931E-05   3.4865E-03
     3   3.0531E-16   4.9636E-09   3.4864E-03
     4   2.4980E-16   4.1633E-17   3.4864E-03
  ******** Solution has been found. *********


  rho = 0.2785     beta = 0.0000     n =  128
  -------------------------------------------
  iter        |res|       |dsol|        rcond
     1   1.3878E-16   2.0817E-17   3.4864E-03
  ******** Solution has been found. *********


  rho = 0.2941     beta = 0.0000     n =  128
  -------------------------------------------
  iter        |res|       |dsol|        rcond
     1   6.5572E-05   9.1606E-03   2.8215E-03
     2   4.0960E-09   9.5121E-05   3.2704E-03
     3   3.0531E-16   5.9023E-09   3.2703E-03
     4   3.0531E-16   4.1633E-17   3.2703E-03
  ******** Solution has been found. *********


  rho = 0.2941     beta = 0.0000     n =  128
  -------------------------------------------
  iter        |res|       |dsol|        rcond
     1   1.3878E-16   6.9389E-18   3.2703E-03
  ******** Solution has been found. *********


  rho = 0.3095     beta = 0.0000     n =  128
  -------------------------------------------
  iter        |res|       |dsol|        rcond
     1   7.5958E-05   9.6331E-03   2.8230E-03
     2   5.1169E-09   1.0266E-04   3.2729E-03
     3   3.1919E-16   6.8308E-09   3.2729E-03
     4   1.9429E-16   3.4694E-17   3.2729E-03
  ******** Solution has been found. *********


  rho = 0.3095     beta = 0.0000     n =  128
  -------------------------------------------
  iter        |res|       |dsol|        rcond
     1   1.9429E-16   8.2399E-18   3.2729E-03
  ******** Solution has been found. *********


  rho = 0.3247     beta = 0.0000     n =  128
  -------------------------------------------
  iter        |res|       |dsol|        rcond
     1   8.6643E-05   1.0066E-02   2.8240E-03
     2   6.2209E-09   1.0931E-04   3.2751E-03
     3   4.9960E-16   7.7012E-09   3.2751E-03
     4   2.4980E-16   4.1633E-17   3.2751E-03
  ******** Solution has been found. *********


  rho = 0.3247     beta = 0.0000     n =  128
  -------------------------------------------
  iter        |res|       |dsol|        rcond
     1   1.2490E-16   1.3878E-17   3.2751E-03
  ******** Solution has been found. *********


  rho = 0.3396     beta = 0.0000     n =  128
  -------------------------------------------
  iter        |res|       |dsol|        rcond
     1   9.7342E-05   1.0451E-02   2.8246E-03
     2   7.3592E-09   1.1488E-04   3.2770E-03
     3   5.5511E-16   8.4610E-09   3.2769E-03
     4   3.3307E-16   5.5511E-17   3.2769E-03
  ******** Solution has been found. *********


  rho = 0.3396     beta = 0.0000     n =  128
  -------------------------------------------
  iter        |res|       |dsol|        rcond
     1   3.3307E-16   4.1633E-17   3.2769E-03
  ******** Solution has been found. *********


  rho = 0.3542     beta = 0.0000     n =  128
  -------------------------------------------
  iter        |res|       |dsol|        rcond
     1   1.0772E-04   1.0783E-02   2.8247E-03
     2   8.4743E-09   1.1915E-04   3.2784E-03
     3   6.6613E-16   9.0597E-09   3.2784E-03
     4   4.4409E-16   9.7145E-17   3.2784E-03
  ******** Solution has been found. *********


  rho = 0.3542     beta = 0.0000     n =  128
  -------------------------------------------
  iter        |res|       |dsol|        rcond
     1   3.0531E-16   2.7756E-17   3.2784E-03
  ******** Solution has been found. *********


  rho = 0.3683     beta = 0.0000     n =  128
  -------------------------------------------
  iter        |res|       |dsol|        rcond
     1   1.1742E-04   1.1052E-02   2.8244E-03
     2   9.4941E-09   1.2196E-04   3.1194E-03
     3   5.5511E-16   9.4526E-09   3.2794E-03
     4   3.8858E-16   3.1225E-17   3.2794E-03
  ******** Solution has been found. *********


  rho = 0.3683     beta = 0.0000     n =  128
  -------------------------------------------
  iter        |res|       |dsol|        rcond
     1   3.8858E-16   1.3878E-17   3.2794E-03
  ******** Solution has been found. *********


  rho = 0.3820     beta = 0.0000     n =  128
  -------------------------------------------
  iter        |res|       |dsol|        rcond
     1   1.2603E-04   1.1250E-02   2.8237E-03
     2   1.0333E-08   1.2315E-04   3.1199E-03
     3   6.9389E-16   9.6017E-09   3.1198E-03
     4   5.5511E-16   8.3267E-17   3.1198E-03
  ******** Solution has been found. *********


  rho = 0.3820     beta = 0.0000     n =  128
  -------------------------------------------
  iter        |res|       |dsol|        rcond
     1   3.8858E-16   2.7756E-17   3.1198E-03
  ******** Solution has been found. *********


  rho = 0.3952     beta = 0.0000     n =  128
  -------------------------------------------
  iter        |res|       |dsol|        rcond
     1   1.3311E-04   1.1370E-02   2.8226E-03
     2   1.0920E-08   1.2261E-04   3.1200E-03
     3   9.9920E-16   9.4853E-09   3.1200E-03
     4   7.7716E-16   5.5511E-17   3.1200E-03
  ******** Solution has been found. *********


  rho = 0.3952     beta = 0.0000     n =  128
  -------------------------------------------
  iter        |res|       |dsol|        rcond
     1   5.5511E-16   6.9389E-17   3.1200E-03
  ******** Solution has been found. *********


  rho = 0.4078     beta = 0.0000     n =  128
  -------------------------------------------
  iter        |res|       |dsol|        rcond
     1   1.3823E-04   1.1403E-02   2.8212E-03
     2   1.1182E-08   1.2027E-04   2.9936E-03
     3   8.3267E-16   9.0979E-09   3.1198E-03
     4   5.5511E-16   5.5511E-17   3.1198E-03
  ******** Solution has been found. *********


  rho = 0.4078     beta = 0.0000     n =  128
  -------------------------------------------
  iter        |res|       |dsol|        rcond
     1   5.5511E-16   5.5511E-17   3.1198E-03
  ******** Solution has been found. *********


  rho = 0.4197     beta = 0.0000     n =  128
  -------------------------------------------
  iter        |res|       |dsol|        rcond
     1   1.4096E-04   1.1421E-02   2.8194E-03
     2   1.1059E-08   1.1610E-04   2.9928E-03
     3   2.1649E-15   8.4532E-09   2.9927E-03
     4   7.7716E-16   1.3878E-16   2.9927E-03
  ******** Solution has been found. *********


  rho = 0.4197     beta = 0.0000     n =  128
  -------------------------------------------
  iter        |res|       |dsol|        rcond
     1   6.3838E-16   5.5511E-17   2.9927E-03
  ******** Solution has been found. *********


  rho = 0.4310     beta = 0.0000     n =  128
  -------------------------------------------
  iter        |res|       |dsol|        rcond
     1   1.4091E-04   1.1463E-02   2.8174E-03
     2   1.0532E-08   1.1013E-04   2.9917E-03
     3   1.4433E-15   7.5858E-09   2.9916E-03
     4   1.1102E-15   5.5511E-17   2.9916E-03
  ******** Solution has been found. *********


  rho = 0.4310     beta = 0.0000     n =  128
  -------------------------------------------
  iter        |res|       |dsol|        rcond
     1   1.1102E-15   3.4694E-17   2.9916E-03
  ******** Solution has been found. *********


  rho = 0.4416     beta = 0.0000     n =  128
  -------------------------------------------
  iter        |res|       |dsol|        rcond
     1   1.3785E-04   1.1368E-02   2.8151E-03
     2   9.6288E-09   1.0248E-04   2.9904E-03
     3   1.8874E-15   6.5521E-09   2.9904E-03
     4   1.3878E-15   1.1102E-16   2.9904E-03
  ******** Solution has been found. *********


  rho = 0.4416     beta = 0.0000     n =  128
  -------------------------------------------
  iter        |res|       |dsol|        rcond
     1   4.4409E-16   1.0408E-17   2.9904E-03
  ******** Solution has been found. *********


  rho = 0.4513     beta = 0.0000     n =  128
  -------------------------------------------
  iter        |res|       |dsol|        rcond
     1   1.3155E-04   1.1125E-02   2.8127E-03
     2   8.3980E-09   9.3307E-05   2.9891E-03
     3   1.3323E-15   5.4186E-09   2.9890E-03
     4   1.1102E-15   1.1102E-16   2.9890E-03
  ******** Solution has been found. *********


  rho = 0.4513     beta = 0.0000     n =  128
  -------------------------------------------
  iter        |res|       |dsol|        rcond
     1   5.5511E-16   5.5511E-17   2.9890E-03
  ******** Solution has been found. *********


  rho = 0.4603     beta = 0.0000     n =  128
  -------------------------------------------
  iter        |res|       |dsol|        rcond
     1   1.2208E-04   1.0728E-02   2.8102E-03
     2   6.9491E-09   8.2868E-05   2.9876E-03
     3   1.3323E-15   4.2644E-09   2.9875E-03
     4   4.4409E-16   2.7756E-17   2.9875E-03
  ******** Solution has been found. *********


  rho = 0.4603     beta = 0.0000     n =  128
  -------------------------------------------
  iter        |res|       |dsol|        rcond
     1   3.4694E-16   6.1257E-18   2.9875E-03
  ******** Solution has been found. *********


  rho = 0.4685     beta = 0.0000     n =  128
  -------------------------------------------
  iter        |res|       |dsol|        rcond
     1   1.0968E-04   1.0170E-02   2.8076E-03
     2   5.3996E-09   7.1485E-05   2.1222E-03
     3   1.5543E-15   3.1663E-09   2.1222E-03
     4   8.8818E-16   5.5511E-17   2.1222E-03
  ******** Solution has been found. *********


  rho = 0.4685     beta = 0.0000     n =  128
  -------------------------------------------
  iter        |res|       |dsol|        rcond
     1   1.2212E-15   5.5511E-17   2.1222E-03
  ******** Solution has been found. *********


  rho = 0.4757     beta = 0.0000     n =  128
  -------------------------------------------
  iter        |res|       |dsol|        rcond
     1   9.4792E-05   9.4519E-03   2.8051E-03
     2   3.8977E-09   5.9550E-05   2.1170E-03
     3   1.3323E-15   2.1926E-09   2.1169E-03
     4   8.8818E-16   5.8981E-17   2.1169E-03
  ******** Solution has been found. *********


  rho = 0.4757     beta = 0.0000     n =  128
  -------------------------------------------
  iter        |res|       |dsol|        rcond
     1   7.7716E-16   2.7756E-17   2.1169E-03
  ******** Solution has been found. *********


  rho = 0.4821     beta = 0.0000     n =  128
  -------------------------------------------
  iter        |res|       |dsol|        rcond
     1   7.8134E-05   8.5764E-03   2.2897E-03
     2   2.5674E-09   4.7515E-05   2.1124E-03
     3   1.7764E-15   1.3936E-09   2.1123E-03
     4   1.1102E-15   4.9440E-17   2.1123E-03
  ******** Solution has been found. *********


  rho = 0.4821     beta = 0.0000     n =  128
  -------------------------------------------
  iter        |res|       |dsol|        rcond
     1   8.8818E-16   2.7756E-17   2.1123E-03
  ******** Solution has been found. *********


  rho = 0.4875     beta = 0.0000     n =  128
  -------------------------------------------
  iter        |res|       |dsol|        rcond
     1   6.0690E-05   7.5512E-03   2.2853E-03
     2   1.5105E-09   3.5870E-05   2.1084E-03
     3   1.3878E-15   7.9301E-10   2.1084E-03
     4   1.4433E-15   1.1102E-16   2.1084E-03
  ******** Solution has been found. *********


  rho = 0.4875     beta = 0.0000     n =  128
  -------------------------------------------
  iter        |res|       |dsol|        rcond
     1   1.3323E-15   2.7756E-17   2.1084E-03
  ******** Solution has been found. *********


  rho = 0.4920     beta = 0.0000     n =  128
  -------------------------------------------
  iter        |res|       |dsol|        rcond
     1   4.3538E-05   6.3886E-03   2.2815E-03
     2   7.5909E-10   2.5125E-05   2.0300E-03
     3   1.6653E-15   3.8869E-10   2.0300E-03
     4   9.9920E-16   5.2042E-17   2.0300E-03
  ******** Solution has been found. *********


  rho = 0.4920     beta = 0.0000     n =  128
  -------------------------------------------
  iter        |res|       |dsol|        rcond
     1   6.6613E-16   8.6736E-18   2.0300E-03
  ******** Solution has been found. *********


  rho = 0.4955     beta = 0.0000     n =  128
  -------------------------------------------
  iter        |res|       |dsol|        rcond
     1   2.7866E-05   5.1053E-03   2.2782E-03
     2   3.0585E-10   1.5779E-05   2.0273E-03
     3   2.9976E-15   1.5308E-10   2.0273E-03
     4   1.9984E-15   1.3878E-16   2.0273E-03
  ******** Solution has been found. *********


  rho = 0.4955     beta = 0.0000     n =  128
  -------------------------------------------
  iter        |res|       |dsol|        rcond
     1   1.7764E-15   8.3267E-17   2.0273E-03
  ******** Solution has been found. *********


  rho = 0.4980     beta = 0.0000     n =  128
  -------------------------------------------
  iter        |res|       |dsol|        rcond
     1   1.4845E-05   3.7225E-03   2.0283E-03
     2   8.5702E-11   8.2902E-06   2.0254E-03
     3   1.7764E-15   4.2216E-11   2.0254E-03
  ******** Solution has been found. *********


  rho = 0.4980     beta = 0.0000     n =  128
  -------------------------------------------
  iter        |res|       |dsol|        rcond
     1   1.5543E-15   1.1102E-16   2.0254E-03
  ******** Solution has been found. *********


  rho = 0.4995     beta = 0.0000     n =  128
  -------------------------------------------
  iter        |res|       |dsol|        rcond
     1   5.5059E-06   2.2651E-03   2.0260E-03
     2   1.1655E-11   3.0482E-06   2.0242E-03
     3   2.2204E-15   5.7006E-12   2.0242E-03
  ******** Solution has been found. *********


  rho = 0.4995     beta = 0.0000     n =  128
  -------------------------------------------
  iter        |res|       |dsol|        rcond
     1   8.8818E-16   5.5511E-17   2.0242E-03
  ******** Solution has been found. *********


  rho = 0.5000     beta = 0.0000     n =  128
  -------------------------------------------
  iter        |res|       |dsol|        rcond
     1   6.2171E-07   7.6063E-04   2.0244E-03
     2   1.7103E-13   3.4305E-07   2.0238E-03
     3   3.1086E-15   7.0277E-14   2.0238E-03
  ******** Solution has been found. *********


  rho = 0.5000     beta = 0.0000     n =  128
  -------------------------------------------
  iter        |res|       |dsol|        rcond
     1   1.5543E-15   3.8164E-17   2.0238E-03
  ******** Solution has been found. *********

 
16 April 2018  10:07:12.634 PM
