 4 July 2018   3:46:18.944 PM

  rho = 0.8100     beta = 0.5106     n =  256
  -------------------------------------------
  iter        |res|       |dsol|        rcond
     1   1.0726E-02   1.8577E-01   5.4833E-04
     2   4.2409E-05   8.1762E-03   5.2508E-04
     3   2.0816E-10   1.1615E-05   5.2466E-04
     4   3.5527E-14   1.7434E-11   5.2466E-04
  ******** Solution has been found. *********


  rho = 0.8100     beta = 0.5106     n =  256
  -------------------------------------------
  iter        |res|       |dsol|        rcond
     1   1.4211E-14   4.4409E-16   5.2466E-04
  ******** Solution has been found. *********


  rho = 0.8200     beta = 0.5215     n =  256
  -------------------------------------------
  iter        |res|       |dsol|        rcond
     1   1.3512E-02   2.0924E-01   5.3818E-04
     2   6.4585E-05   9.8719E-03   5.1056E-04
     3   3.6428E-10   1.6086E-05   5.1013E-04
     4   3.5527E-14   3.1161E-11   5.1013E-04
  ******** Solution has been found. *********


  rho = 0.8200     beta = 0.5215     n =  256
  -------------------------------------------
  iter        |res|       |dsol|        rcond
     1   1.4211E-14   1.3878E-16   5.1013E-04
  ******** Solution has been found. *********


  rho = 0.8300     beta = 0.5328     n =  256
  -------------------------------------------
  iter        |res|       |dsol|        rcond
     1   1.7629E-02   2.3700E-01   5.3080E-04
     2   1.0015E-04   1.2026E-02   4.9536E-04
     3   8.0433E-10   2.2630E-05   4.9489E-04
     4   3.5527E-14   5.9451E-11   4.9489E-04
  ******** Solution has been found. *********


  rho = 0.8300     beta = 0.5328     n =  256
  -------------------------------------------
  iter        |res|       |dsol|        rcond
     1   1.8652E-14   1.6653E-16   4.9489E-04
  ******** Solution has been found. *********


  rho = 0.8400     beta = 0.5445     n =  256
  -------------------------------------------
  iter        |res|       |dsol|        rcond
     1   2.3763E-02   2.7014E-01   5.0849E-04
     2   1.5822E-04   1.4797E-02   4.8354E-04
     3   1.6592E-09   3.2396E-05   4.8305E-04
     4   4.9738E-14   1.1697E-10   4.8305E-04
     5   3.5527E-14   8.8818E-16   4.8305E-04
  ******** Solution has been found. *********


  rho = 0.8400     beta = 0.5445     n =  256
  -------------------------------------------
  iter        |res|       |dsol|        rcond
     1   2.8422E-14   5.5511E-17   4.8305E-04
  ******** Solution has been found. *********


  rho = 0.8500     beta = 0.5567     n =  256
  -------------------------------------------
  iter        |res|       |dsol|        rcond
     1   3.2408E-02   3.1011E-01   4.6498E-04
     2   2.5555E-04   1.8409E-02   4.6345E-04
     3   3.5980E-09   4.7286E-05   4.6290E-04
     4   6.7502E-14   2.3322E-10   4.6290E-04
     5   3.7303E-14   8.8818E-16   4.6290E-04
  ******** Solution has been found. *********


  rho = 0.8500     beta = 0.5567     n =  256
  -------------------------------------------
  iter        |res|       |dsol|        rcond
     1   2.9310E-14   4.4409E-16   4.6290E-04
  ******** Solution has been found. *********


  rho = 0.8600     beta = 0.5694     n =  256
  -------------------------------------------
  iter        |res|       |dsol|        rcond
     1   4.4945E-02   3.5886E-01   4.4522E-04
     2   4.2282E-04   2.3191E-02   4.3179E-04
     3   8.5401E-09   7.0532E-05   4.3113E-04
     4   5.6843E-14   4.9049E-10   4.3113E-04
     5   4.2633E-14   4.4409E-16   4.3113E-04
  ******** Solution has been found. *********


  rho = 0.8600     beta = 0.5694     n =  256
  -------------------------------------------
  iter        |res|       |dsol|        rcond
     1   3.5527E-14   1.6653E-16   4.3113E-04
  ******** Solution has been found. *********


  rho = 0.8700     beta = 0.5827     n =  256
  -------------------------------------------
  iter        |res|       |dsol|        rcond
     1   6.3320E-02   4.1906E-01   4.2830E-04
     2   7.1949E-04   2.9631E-02   4.1439E-04
     3   2.1398E-08   1.0780E-04   4.1365E-04
     4   8.5265E-14   1.0646E-09   4.1365E-04
     5   4.9738E-14   8.8818E-16   4.1365E-04
  ******** Solution has been found. *********


  rho = 0.8700     beta = 0.5827     n =  256
  -------------------------------------------
  iter        |res|       |dsol|        rcond
     1   4.2633E-14   4.4409E-16   4.1365E-04
  ******** Solution has been found. *********


  rho = 0.8800     beta = 0.5966     n =  256
  -------------------------------------------
  iter        |res|       |dsol|        rcond
     1   9.1172E-02   4.9451E-01   4.0698E-04
     2   1.2636E-03   3.8475E-02   3.9352E-04
     3   5.5318E-08   1.6942E-04   3.9274E-04
     4   9.2371E-14   2.4383E-09   3.9274E-04
     5   8.5265E-14   8.8818E-16   3.9274E-04
  ******** Solution has been found. *********


  rho = 0.8800     beta = 0.5966     n =  256
  -------------------------------------------
  iter        |res|       |dsol|        rcond
     1   4.9738E-14   4.4409E-16   3.9274E-04
  ******** Solution has been found. *********


  rho = 0.8900     beta = 0.6113     n =  256
  -------------------------------------------
  iter        |res|       |dsol|        rcond
     1   1.3433E-01   5.9069E-01   3.8627E-04
     2   2.3039E-03   5.0896E-02   3.7313E-04
     3   1.5091E-07   2.7483E-04   3.7229E-04
     4   1.2790E-13   6.0570E-09   3.7229E-04
     5   7.8160E-14   8.8818E-16   3.7229E-04
  ******** Solution has been found. *********


  rho = 0.8900     beta = 0.6113     n =  256
  -------------------------------------------
  iter        |res|       |dsol|        rcond
     1   6.3949E-14   3.3307E-16   3.7229E-04
  ******** Solution has been found. *********


  rho = 0.9000     beta = 0.6268     n =  256
  -------------------------------------------
  iter        |res|       |dsol|        rcond
     1   2.0353E-01   7.1572E-01   3.6381E-04
     2   4.3791E-03   6.8796E-02   3.4350E-04
     3   4.5155E-07   4.6254E-04   3.4247E-04
     4   4.4054E-13   1.6289E-08   3.4247E-04
     5   8.5265E-14   1.2212E-15   3.4247E-04
  ******** Solution has been found. *********


  rho = 0.9000     beta = 0.6268     n =  256
  -------------------------------------------
  iter        |res|       |dsol|        rcond
     1   5.6843E-14   1.1102E-16   3.4247E-04
  ******** Solution has been found. *********


  rho = 0.9100     beta = 0.6433     n =  256
  -------------------------------------------
  iter        |res|       |dsol|        rcond
     1   3.1956E-01   8.8213E-01   3.3795E-04
     2   8.7631E-03   9.5388E-02   3.1895E-04
     3   1.4460E-06   8.1271E-04   3.1902E-04
     4   1.0374E-12   4.7413E-08   3.1902E-04
     5   1.5632E-13   6.2172E-15   3.1902E-04
  ******** Solution has been found. *********


  rho = 0.9100     beta = 0.6433     n =  256
  -------------------------------------------
  iter        |res|       |dsol|        rcond
     1   8.5265E-14   8.8818E-16   3.1902E-04
  ******** Solution has been found. *********


  rho = 0.9200     beta = 0.6610     n =  256
  -------------------------------------------
  iter        |res|       |dsol|        rcond
     1   5.2284E-01   1.1100E+00   3.0654E-04
     2   1.8619E-02   1.3634E-01   2.9129E-04
     3   5.1710E-06   1.5030E-03   2.8998E-04
     4   3.9506E-12   1.5146E-07   2.8997E-04
     5   3.4106E-13   2.1316E-14   2.8997E-04
  ******** Solution has been found. *********


  rho = 0.9200     beta = 0.6610     n =  256
  -------------------------------------------
  iter        |res|       |dsol|        rcond
     1   1.7053E-13   4.4409E-16   2.8997E-04
  ******** Solution has been found. *********


  rho = 0.9300     beta = 0.6800     n =  256
  -------------------------------------------
  iter        |res|       |dsol|        rcond
     1   9.0117E-01   1.4333E+00   2.7929E-04
     2   4.2552E-02   2.0221E-01   2.6517E-04
     3   2.0882E-05   2.9563E-03   2.6235E-04
     4   2.0179E-11   5.4031E-07   2.6369E-04
     5   4.5475E-13   8.5265E-14   2.6369E-04
  ******** Solution has been found. *********


  rho = 0.9300     beta = 0.6800     n =  256
  -------------------------------------------
  iter        |res|       |dsol|        rcond
     1   2.5580E-13   8.8818E-16   2.6369E-04
  ******** Solution has been found. *********


  rho = 0.9400     beta = 0.7009     n =  256
  -------------------------------------------
  iter        |res|       |dsol|        rcond
     1   1.6629E+00   1.9131E+00   2.5140E-04
     2   1.0650E-01   3.1399E-01   2.3669E-04
     3   9.7627E-05   6.2743E-03   2.3500E-04
     4   8.7709E-11   2.2088E-06   2.3499E-04
     5   5.1159E-13   5.6488E-13   2.3499E-04
  ******** Solution has been found. *********


  rho = 0.9400     beta = 0.7009     n =  256
  -------------------------------------------
  iter        |res|       |dsol|        rcond
     1   3.9790E-13   1.7764E-15   2.3499E-04
  ******** Solution has been found. *********


  rho = 0.9500     beta = 0.7239     n =  256
  -------------------------------------------
  iter        |res|       |dsol|        rcond
     1   3.3661E+00   2.6690E+00   2.2321E-04
     2   2.9990E-01   5.1708E-01   2.0931E-04
     3   5.5132E-04   1.4660E-02   2.0687E-04
     4   1.2276E-09   1.0691E-05   2.0685E-04
     5   1.1937E-12   1.1465E-11   2.0685E-04
  ******** Solution has been found. *********


  rho = 0.9500     beta = 0.7239     n =  256
  -------------------------------------------
  iter        |res|       |dsol|        rcond
     1   5.6843E-13   1.7764E-15   2.0685E-04
  ******** Solution has been found. *********


  rho = 0.9500     beta = 0.7239     n =  256
  -------------------------------------------
  iter        |res|       |dsol|        rcond
     1   7.9581E-13   3.3751E-14   2.0685E-04
  ******** Solution has been found. *********


  rho = 0.9500     beta = 0.7239     n =  256
  -------------------------------------------
  iter        |res|       |dsol|        rcond
     1   6.2528E-13   3.5527E-15   2.0685E-04
  ******** Solution has been found. *********

 
 4 July 2018   3:51:08.065 PM
