     1     0.00000000000000000E+00   4.43712515544962827E-01
     2    -5.16667198936739958E-02   4.43715083989287606E-01
     3    -1.03334035947562075E-01   4.43722789711308963E-01
     4    -1.55002544430568712E-01   4.43735633840990573E-01
     5    -2.06672841754276249E-01   4.43753618243963643E-01
     6    -2.58345524570249729E-01   4.43776745591448751E-01
     7    -3.10021189942332853E-01   4.43805019335578699E-01
     8    -3.61700435392521058E-01   4.43838443610168110E-01
     9    -4.13383858871943843E-01   4.43877023290060180E-01
    10    -4.65072058922124221E-01   4.43920764126090273E-01
    11    -5.16765634911966920E-01   4.43969672658530268E-01
    12    -5.68465187021307550E-01   4.44023756055274443E-01
    13    -6.20171316148902640E-01   4.44083022235980174E-01
    14    -6.71884624138591846E-01   4.44147480072873746E-01
    15    -7.23605714082376394E-01   4.44217139241936732E-01
    16    -7.75335190241857042E-01   4.44292009997642401E-01
    17    -8.27073657892938741E-01   4.44372103362541182E-01
    18    -8.78821723618131045E-01   4.44457431394896574E-01
    19    -9.30579995677520699E-01   4.44548006977012466E-01
    20    -9.82349083867976702E-01   4.44643843525391436E-01
    21    -1.03412959930395854E+00   4.44744955246637819E-01
    22    -1.08592215477757570E+00   4.44851357473388109E-01
    23    -1.13772736519957895E+00   4.44963066388761153E-01
    24    -1.18954584739589730E+00   4.45080098670554869E-01
    25    -1.24137821982369623E+00   4.45202471814703848E-01
    26    -1.29322510300111571E+00   4.45330204541234398E-01
    27    -1.34508712002079189E+00   4.45463316453663105E-01
    28    -1.39696489628305187E+00   4.45601827615403345E-01
    29    -1.44885905914595803E+00   4.45745758942366122E-01
    30    -1.50077023842710577E+00   4.45895132681147777E-01
    31    -1.55269906699255600E+00   4.46049972001809625E-01
    32    -1.60464618042572926E+00   4.46210300504301882E-01
    33    -1.65661221660983649E+00   4.46376142682276100E-01
    34    -1.70859781630452012E+00   4.46547524476035906E-01
    35    -1.76060362381354052E+00   4.46724472796767469E-01
    36    -1.81263028658807124E+00   4.46907014960587989E-01
    37    -1.86467845473963822E+00   4.47095179225815431E-01
    38    -1.91674878169474661E+00   4.47288995423811619E-01
    39    -1.96884192494524779E+00   4.47488494412392024E-01
    40    -2.02095854558433752E+00   4.47693707434527244E-01
    41    -2.07309930774779616E+00   4.47904666732024670E-01
    42    -2.12526487935026465E+00   4.48121406257637078E-01
    43    -2.17745593292264505E+00   4.48343961055103879E-01
    44    -2.22967314507894887E+00   4.48572366539199463E-01
    45    -2.28191719588308839E+00   4.48806659189027846E-01
    46    -2.33418876967109146E+00   4.49046877345521955E-01
    47    -2.38648855598049447E+00   4.49293060515041365E-01
    48    -2.43881724894571272E+00   4.49545248567004618E-01
    49    -2.49117554658745721E+00   4.49803482510622632E-01
    50    -2.54356415172554051E+00   4.50067805382328878E-01
    51    -2.59598377300600536E+00   4.50338261469552137E-01
    52    -2.64843512422238181E+00   4.50614895421660555E-01
    53    -2.70091892352417373E+00   4.50897753114409827E-01
    54    -2.75343589442581482E+00   4.51186882632657271E-01
    55    -2.80598676693784643E+00   4.51482333410349712E-01
    56    -2.85857227681109061E+00   4.51784155249927544E-01
    57    -2.91119316466027733E+00   4.52092399279565571E-01
    58    -2.96385017707528498E+00   4.52407119036999816E-01
    59    -3.01654406786365481E+00   4.52728369521409046E-01
    60    -3.06927559721426180E+00   4.53056206115913351E-01
    61    -3.12204553073161151E+00   4.53390685643087377E-01
    62    -3.17485464065644507E+00   4.53731867556836033E-01
    63    -3.22770370722771105E+00   4.54079812901158952E-01
    64    -3.28059351776192365E+00   4.54434583129605052E-01
    65    -3.33352486559322259E+00   4.54796241265607415E-01
    66    -3.38649855141115008E+00   4.55164853209930720E-01
    67    -3.43951538475148633E+00   4.55540486600830408E-01
    68    -3.49257618298692085E+00   4.55923209523732720E-01
    69    -3.54568177016736463E+00   4.56313091783512481E-01
    70    -3.59883297848391948E+00   4.56710206336284952E-01
    71    -3.65203064989899628E+00   4.57114628044769822E-01
    72    -3.70527563504363489E+00   4.57526432270508598E-01
    73    -3.75856879195183602E+00   4.57945696266402247E-01
    74    -3.81191098766090164E+00   4.58372500742584565E-01
    75    -3.86530309999278954E+00   4.58806928510139322E-01
    76    -3.91874601635280451E+00   4.59249062947344799E-01
    77    -3.97224063235103131E+00   4.59698989521700463E-01
    78    -4.02578785355068902E+00   4.60156797501144188E-01
    79    -4.07938859741419790E+00   4.60622578478326883E-01
    80    -4.13304379199742300E+00   4.61096424701377405E-01
    81    -4.18675437445063903E+00   4.61578430736032386E-01
    82    -4.24052129292799318E+00   4.62068695334724111E-01
    83    -4.29434550871367016E+00   4.62567319832961288E-01
    84    -4.34822799480535149E+00   4.63074406333879418E-01
    85    -4.40216973428620761E+00   4.63590059522456466E-01
    86    -4.45617172241044024E+00   4.64114388706907466E-01
    87    -4.51023496892714970E+00   4.64647506077573935E-01
    88    -4.56436049654595255E+00   4.65189524733333915E-01
    89    -4.61854933917063448E+00   4.65740560661551839E-01
    90    -4.67280254417788132E+00   4.66300734968153052E-01
    91    -4.72712117495889750E+00   4.66870171988419791E-01
    92    -4.78150630925954800E+00   4.67448997141878153E-01
    93    -4.83595903726526011E+00   4.68037339093509419E-01
    94    -4.89048046409251125E+00   4.68635332191293941E-01
    95    -4.94507171257124956E+00   4.69243114417064289E-01
    96    -4.99973392145116868E+00   4.69860825054866926E-01
    97    -5.05446824332634925E+00   4.70488607051269214E-01
    98    -5.10927584736201901E+00   4.71126609681810860E-01
    99    -5.16415792234420756E+00   4.71774986328784951E-01
   100    -5.21911567474310889E+00   4.72433891946308526E-01
   101    -5.27415032646471094E+00   4.73103485640068655E-01
   102    -5.32926311783873885E+00   4.73783933587462402E-01
   103    -5.38445531096611418E+00   4.74475406627703766E-01
   104    -5.43972818762956756E+00   4.75178077504709750E-01
   105    -5.49508304685820725E+00   4.75892123689842461E-01
   106    -5.55052120820654515E+00   4.76617730584277532E-01
   107    -5.60604401543528752E+00   4.77355088905254465E-01
   108    -5.66165283425852639E+00   4.78104391685611974E-01
   109    -5.71734904970578306E+00   4.78865837366721170E-01
   110    -5.77313406972690846E+00   4.79639633316277680E-01
   111    -5.82900932924738058E+00   4.80425992992692730E-01
   112    -5.88497628774081250E+00   4.81225132677575829E-01
   113    -5.94103642637141949E+00   4.82037274870494636E-01
   114    -5.99719125196532321E+00   4.82862652160779782E-01
   115    -6.05344230148859275E+00   4.83701504150334527E-01
   116    -6.10979113943312591E+00   4.84554073892374593E-01
   117    -6.16623935472075679E+00   4.85420611624965859E-01
   118    -6.22278856508860034E+00   4.86301379042243243E-01
   119    -6.27944042204643971E+00   4.87196645953753005E-01
   120    -6.33619660806350815E+00   4.88106686399631173E-01
   121    -6.39305883321386048E+00   4.89031782766379486E-01
   122    -6.45002884003167054E+00   4.89972230510999418E-01
   123    -6.50710840901504284E+00   4.90928334532955091E-01
   124    -6.56429935560086264E+00   4.91900404932400670E-01
   125    -6.62160352652930229E+00   4.92888761559675093E-01
   126    -6.67902280523543190E+00   4.93893739255836572E-01
   127    -6.73655911797908757E+00   4.94915683911315796E-01
   128    -6.79421443059514196E+00   4.95954947829952975E-01
   129    -6.85199074455322776E+00   4.97011894773531027E-01
   130    -6.90989010296493245E+00   4.98086905794754897E-01
   131    -6.96791459743497832E+00   4.99180374954700357E-01
   132    -7.02606636457487355E+00   5.00292704251301235E-01
   133    -7.08434758173255386E+00   5.01424309232716414E-01
   134    -7.14276047371031630E+00   5.02575625514440016E-01
   135    -7.20130732045201150E+00   5.03747104126052836E-01
   136    -7.25999045330973658E+00   5.04939205958684578E-01
   137    -7.31881225041698613E+00   5.06152408036674828E-01
   138    -7.37777514423237868E+00   5.07387210830384072E-01
   139    -7.43688163020221804E+00   5.08644133202045490E-01
   140    -7.49613426277276584E+00   5.09923706322536363E-01
   141    -7.55553565038014252E+00   5.11226480711115094E-01
   142    -7.61508846396031736E+00   5.12553034481026737E-01
   143    -7.67479544675735603E+00   5.13903967854727028E-01
   144    -7.73465941007892877E+00   5.15279896497004453E-01
   145    -7.79468322787706036E+00   5.16681459458749992E-01
   146    -7.85486984639723396E+00   5.18109328525716228E-01
   147    -7.91522229534248467E+00   5.19564202276411868E-01
   148    -7.97574368337783390E+00   5.21046798776438891E-01
   149    -8.03643719227902764E+00   5.22557864597135269E-01
   150    -8.09730608793520368E+00   5.24098185481670420E-01
   151    -8.15835373313069567E+00   5.25668579925784751E-01
   152    -8.21958358281671764E+00   5.27269891179063976E-01
   153    -8.28099917781127992E+00   5.28902997555897425E-01
   154    -8.34260415742449268E+00   5.30568824691967755E-01
   155    -8.40440227418736718E+00   5.32268338641468941E-01
   156    -8.46639738892844740E+00   5.34002537137093669E-01
   157    -8.52859346401940677E+00   5.35772461474428363E-01
   158    -8.59099457796389920E+00   5.37579210712222588E-01
   159    -8.65360494249198275E+00   5.39423934304067654E-01
   160    -8.71642889750905780E+00   5.41307822584158549E-01
   161    -8.77947090390043172E+00   5.43232120594981938E-01
   162    -8.84273556052109555E+00   5.45198144696361520E-01
   163    -8.90622762419369707E+00   5.47207274792111398E-01
   164    -8.96995200464198206E+00   5.49260944039791421E-01
   165    -9.03391375689898801E+00   5.51360655118081633E-01
   166    -9.09811810126486975E+00   5.53507999867818179E-01
   167    -9.16257044690866884E+00   5.55704651246514136E-01
   168    -9.22727638696604124E+00   5.57952352320047584E-01
   169    -9.29224169064569239E+00   5.60252935649590333E-01
   170    -9.35747232690065722E+00   5.62608346817705440E-01
   171    -9.42297449255634234E+00   5.65020636366641571E-01
   172    -9.48875460785492209E+00   5.67491948238120436E-01
   173    -9.55481930843351712E+00   5.70024543233823788E-01
   174    -9.62117547370118942E+00   5.72620827620984874E-01
   175    -9.68783026072520670E+00   5.75283345519289169E-01
   176    -9.75479110065924182E+00   5.78014767149452879E-01
   177    -9.82206569089036208E+00   5.80817917740324097E-01
   178    -9.88966202946041761E+00   5.83695812929672542E-01
   179    -9.95758845637754675E+00   5.86651652422385372E-01
   180    -1.00258536516000056E+01   5.89688808755697402E-01
   181    -1.00944666278399495E+01   5.92810863686098921E-01
   182    -1.01634367728587396E+01   5.96021652919073497E-01
   183    -1.02327739004895122E+01   5.99325262482326759E-01
   184    -1.03024882512023801E+01   6.02726019339136054E-01
   185    -1.03725904863452847E+01   6.06228538359094626E-01
   186    -1.04430917408419912E+01   6.09837780235493065E-01
   187    -1.05140036870975866E+01   6.13559053113357233E-01
   188    -1.05853385397006523E+01   6.17398007515822744E-01
   189    -1.06571090523182139E+01   6.21360698798061772E-01
   190    -1.07293285843210207E+01   6.25453664328494363E-01
   191    -1.08020111820113911E+01   6.29683934888164654E-01
   192    -1.08751715897947800E+01   6.34059038472560399E-01
   193    -1.09488252515698239E+01   6.38587086243741164E-01
   194    -1.10229883962000503E+01   6.43276878899120219E-01
   195    -1.10976781422908850E+01   6.48137936015568794E-01
   196    -1.11729125192435443E+01   6.53180517260126159E-01
   197    -1.12487104757867993E+01   6.58415745469350888E-01
   198    -1.13250919910694563E+01   6.63855759066322104E-01
   199    -1.14020782116159918E+01   6.69513774490697711E-01
   200    -1.14796914869918414E+01   6.75404141081817899E-01
   201    -1.15579553888821884E+01   6.81542525440506530E-01
   202    -1.16368948567090165E+01   6.87946139790594602E-01
   203    -1.17165363782034024E+01   6.94633866364921748E-01
   204    -1.17969080453816364E+01   7.01626377762503473E-01
   205    -1.18780395872794085E+01   7.08946427345435781E-01
   206    -1.19599625602599922E+01   7.16619209039135896E-01
   207    -1.20427105854484093E+01   7.24672600624199914E-01
   208    -1.21263194289888254E+01   7.33137413758004008E-01
   209    -1.22108270466509197E+01   7.42047877321591054E-01
   210    -1.22962738250362342E+01   7.51442236815068387E-01
   211    -1.23827028844132645E+01   7.61363233326822209E-01
   212    -1.24701601747014230E+01   7.71858617668941260E-01
   213    -1.25586945091515112E+01   7.82982004050899905E-01
   214    -1.26483578387693658E+01   7.94793930928555659E-01
   215    -1.27392055989900790E+01   8.07362825505467230E-01
   216    -1.28312967631522934E+01   8.20766075416613283E-01
   217    -1.29246937687342136E+01   8.35091633694154289E-01
   218    -1.30194627158788556E+01   8.50440020639299021E-01
   219    -1.31156736190557108E+01   8.66926333086800227E-01
   220    -1.32134001886031296E+01   8.84682542428078533E-01
   221    -1.33127193108871822E+01   9.03860711601461309E-01
   222    -1.34137107501508321E+01   9.24637029108362984E-01
   223    -1.35164567617690032E+01   9.47216171698738840E-01
   224    -1.36210408091421584E+01   9.71836418476264008E-01
   225    -1.37275454789559621E+01   9.98776516741438414E-01
   226    -1.38360502398817165E+01   1.02836434586748848E+00
   227    -1.39466285282974098E+01   1.06098681534709227E+00
   228    -1.40593427688153909E+01   1.09710170403683982E+00
   229    -1.41742370783398659E+01   1.13725316093030804E+00
   230    -1.42913282589966393E+01   1.18209136956152694E+00
   231    -1.44105939841902249E+01   1.23239587377991500E+00
   232    -1.45319553936282304E+01   1.28910385637875047E+00
   233    -1.46552525584543822E+01   1.35334651153627528E+00
   234    -1.47802125199976633E+01   1.42649517009120341E+00
   235    -1.49064068956802132E+01   1.51021703926164630E+00
   236    -1.50331924349896227E+01   1.60654274533669206E+00
   237    -1.51596284144498572E+01   1.71795104962166700E+00
   238    -1.52843660002928701E+01   1.84747413855386822E+00
   239    -1.54054997473426347E+01   1.99882273282762069E+00
   240    -1.55203630655813480E+01   2.17653122146558253E+00
   241    -1.56252463191693689E+01   2.38612562261729089E+00
   242    -1.57150157460620505E+01   2.63431029454194565E+00
   243    -1.57826027020507116E+01   2.92915279158957498E+00
   244    -1.58183180235542835E+01   3.28022941537934543E+00
   245    -1.58089426024243522E+01   3.69867217103820600E+00
   246    -1.57365612433565687E+01   4.19700947756172926E+00
   247    -1.55771412110545135E+01   4.78860843128898850E+00
   248    -1.52989332263358015E+01   5.48642078090583141E+00
   249    -1.48609563248719425E+01   6.30062885773198200E+00
   250    -1.42121885801805252E+01   7.23471982942925695E+00
   251    -1.32926422956761545E+01   8.27962307511762852E+00
   252    -1.20381513011289663E+01   9.40612492645856335E+00
   253    -1.03910256774560406E+01   1.05571866734127653E+01
   254    -8.31775798823807122E+00   1.16440446703555374E+01
   255    -5.83141484093496132E+00   1.25519479967832446E+01
   256    -3.01030839579979403E+00   1.31603010655310406E+01
   257    -3.03717653133657225E-14   1.33750282690864353E+01
   258     3.01030839579973586E+00   1.31603010655310495E+01
   259     5.83141484093490980E+00   1.25519479967832659E+01
   260     8.31775798823802504E+00   1.16440446703555622E+01
   261     1.03910256774560050E+01   1.05571866734127937E+01
   262     1.20381513011289378E+01   9.40612492645858822E+00
   263     1.32926422956761314E+01   8.27962307511765516E+00
   264     1.42121885801805092E+01   7.23471982942927561E+00
   265     1.48609563248719265E+01   6.30062885773199888E+00
   266     1.52989332263357944E+01   5.48642078090584562E+00
   267     1.55771412110545100E+01   4.78860843128900093E+00
   268     1.57365612433565651E+01   4.19700947756173548E+00
   269     1.58089426024243558E+01   3.69867217103820867E+00
   270     1.58183180235542835E+01   3.28022941537935253E+00
   271     1.57826027020507080E+01   2.92915279158957853E+00
   272     1.57150157460620541E+01   2.63431029454195098E+00
   273     1.56252463191693707E+01   2.38612562261729355E+00
   274     1.55203630655813498E+01   2.17653122146558964E+00
   275     1.54054997473426294E+01   1.99882273282762446E+00
   276     1.52843660002928701E+01   1.84747413855387377E+00
   277     1.51596284144498554E+01   1.71795104962166567E+00
   278     1.50331924349896244E+01   1.60654274533669872E+00
   279     1.49064068956802114E+01   1.51021703926165296E+00
   280     1.47802125199976686E+01   1.42649517009120386E+00
   281     1.46552525584543805E+01   1.35334651153627838E+00
   282     1.45319553936282304E+01   1.28910385637875580E+00
   283     1.44105939841902284E+01   1.23239587377991766E+00
   284     1.42913282589966428E+01   1.18209136956152916E+00
   285     1.41742370783398695E+01   1.13725316093030471E+00
   286     1.40593427688153945E+01   1.09710170403684226E+00
   287     1.39466285282974134E+01   1.06098681534709227E+00
   288     1.38360502398817182E+01   1.02836434586749070E+00
   289     1.37275454789559621E+01   9.98776516741437526E-01
   290     1.36210408091421566E+01   9.71836418476262121E-01
   291     1.35164567617690068E+01   9.47216171698739284E-01
   292     1.34137107501508339E+01   9.24637029108360320E-01
   293     1.33127193108871804E+01   9.03860711601465194E-01
   294     1.32134001886031278E+01   8.84682542428079088E-01
   295     1.31156736190557091E+01   8.66926333086797563E-01
   296     1.30194627158788556E+01   8.50440020639299354E-01
   297     1.29246937687342154E+01   8.35091633694154400E-01
   298     1.28312967631522898E+01   8.20766075416615504E-01
   299     1.27392055989900790E+01   8.07362825505466675E-01
   300     1.26483578387693640E+01   7.94793930928554104E-01
   301     1.25586945091515130E+01   7.82982004050895353E-01
   302     1.24701601747014195E+01   7.71858617668937930E-01
   303     1.23827028844132734E+01   7.61363233326821875E-01
   304     1.22962738250362325E+01   7.51442236815068165E-01
   305     1.22108270466509214E+01   7.42047877321588278E-01
   306     1.21263194289888290E+01   7.33137413758002676E-01
   307     1.20427105854484093E+01   7.24672600624198360E-01
   308     1.19599625602599957E+01   7.16619209039135230E-01
   309     1.18780395872794102E+01   7.08946427345434671E-01
   310     1.17969080453816417E+01   7.01626377762505582E-01
   311     1.17165363782034042E+01   6.94633866364922525E-01
   312     1.16368948567090200E+01   6.87946139790598821E-01
   313     1.15579553888821849E+01   6.81542525440506530E-01
   314     1.14796914869918378E+01   6.75404141081817677E-01
   315     1.14020782116159918E+01   6.69513774490700708E-01
   316     1.13250919910694599E+01   6.63855759066325213E-01
   317     1.12487104757868028E+01   6.58415745469348224E-01
   318     1.11729125192435426E+01   6.53180517260126159E-01
   319     1.10976781422908886E+01   6.48137936015564797E-01
   320     1.10229883962000486E+01   6.43276878899118998E-01
   321     1.09488252515698274E+01   6.38587086243742941E-01
   322     1.08751715897947836E+01   6.34059038472559622E-01
   323     1.08020111820113947E+01   6.29683934888164876E-01
   324     1.07293285843210260E+01   6.25453664328494030E-01
   325     1.06571090523182175E+01   6.21360698798060884E-01
   326     1.05853385397006541E+01   6.17398007515822078E-01
   327     1.05140036870975866E+01   6.13559053113356012E-01
   328     1.04430917408419983E+01   6.09837780235495730E-01
   329     1.03725904863452918E+01   6.06228538359094848E-01
   330     1.03024882512023801E+01   6.02726019339134833E-01
   331     1.02327739004895175E+01   5.99325262482328980E-01
   332     1.01634367728587360E+01   5.96021652919071276E-01
   333     1.00944666278399513E+01   5.92810863686098477E-01
   334     1.00258536516000021E+01   5.89688808755695959E-01
   335     9.95758845637754852E+00   5.86651652422385927E-01
   336     9.88966202946042117E+00   5.83695812929674540E-01
   337     9.82206569089036208E+00   5.80817917740325429E-01
   338     9.75479110065925070E+00   5.78014767149451991E-01
   339     9.68783026072520492E+00   5.75283345519287503E-01
   340     9.62117547370119652E+00   5.72620827620985873E-01
   341     9.55481930843351890E+00   5.70024543233822012E-01
   342     9.48875460785492741E+00   5.67491948238122212E-01
   343     9.42297449255634589E+00   5.65020636366641682E-01
   344     9.35747232690066078E+00   5.62608346817707439E-01
   345     9.29224169064569061E+00   5.60252935649591555E-01
   346     9.22727638696603947E+00   5.57952352320045808E-01
   347     9.16257044690867595E+00   5.55704651246516246E-01
   348     9.09811810126487153E+00   5.53507999867818179E-01
   349     9.03391375689898979E+00   5.51360655118082410E-01
   350     8.96995200464198383E+00   5.49260944039790644E-01
   351     8.90622762419370062E+00   5.47207274792109288E-01
   352     8.84273556052109555E+00   5.45198144696361631E-01
   353     8.77947090390043527E+00   5.43232120594982826E-01
   354     8.71642889750906136E+00   5.41307822584156884E-01
   355     8.65360494249198453E+00   5.39423934304069541E-01
   356     8.59099457796390453E+00   5.37579210712222033E-01
   357     8.52859346401940677E+00   5.35772461474427697E-01
   358     8.46639738892844917E+00   5.34002537137095001E-01
   359     8.40440227418736363E+00   5.32268338641469163E-01
   360     8.34260415742449801E+00   5.30568824691970642E-01
   361     8.28099917781128525E+00   5.28902997555895316E-01
   362     8.21958358281671586E+00   5.27269891179062755E-01
   363     8.15835373313069923E+00   5.25668579925785306E-01
   364     8.09730608793519835E+00   5.24098185481672862E-01
   365     8.03643719227902942E+00   5.22557864597134936E-01
   366     7.97574368337782857E+00   5.21046798776440778E-01
   367     7.91522229534249178E+00   5.19564202276413090E-01
   368     7.85486984639723396E+00   5.18109328525717228E-01
   369     7.79468322787706658E+00   5.16681459458750547E-01
   370     7.73465941007892610E+00   5.15279896497002010E-01
   371     7.67479544675736047E+00   5.13903967854726917E-01
   372     7.61508846396032268E+00   5.12553034481025960E-01
   373     7.55553565038013986E+00   5.11226480711115761E-01
   374     7.49613426277277206E+00   5.09923706322536474E-01
   375     7.43688163020221893E+00   5.08644133202045379E-01
   376     7.37777514423238134E+00   5.07387210830385960E-01
   377     7.31881225041698613E+00   5.06152408036674606E-01
   378     7.25999045330974191E+00   5.04939205958685244E-01
   379     7.20130732045201505E+00   5.03747104126054612E-01
   380     7.14276047371031986E+00   5.02575625514440461E-01
   381     7.08434758173255208E+00   5.01424309232716414E-01
   382     7.02606636457487443E+00   5.00292704251298903E-01
   383     6.96791459743497921E+00   4.99180374954696582E-01
   384     6.90989010296493156E+00   4.98086905794755008E-01
   385     6.85199074455322954E+00   4.97011894773530805E-01
   386     6.79421443059514107E+00   4.95954947829953086E-01
   387     6.73655911797908580E+00   4.94915683911316462E-01
   388     6.67902280523543013E+00   4.93893739255837350E-01
   389     6.62160352652930673E+00   4.92888761559673316E-01
   390     6.56429935560086264E+00   4.91900404932401170E-01
   391     6.50710840901504284E+00   4.90928334532954036E-01
   392     6.45002884003166876E+00   4.89972230510999918E-01
   393     6.39305883321386581E+00   4.89031782766380374E-01
   394     6.33619660806350815E+00   4.88106686399630840E-01
   395     6.27944042204644237E+00   4.87196645953757335E-01
   396     6.22278856508860034E+00   4.86301379042243243E-01
   397     6.16623935472075591E+00   4.85420611624964415E-01
   398     6.10979113943312591E+00   4.84554073892374371E-01
   399     6.05344230148859275E+00   4.83701504150333861E-01
   400     5.99719125196532321E+00   4.82862652160779726E-01
   401     5.94103642637142038E+00   4.82037274870494081E-01
   402     5.88497628774081782E+00   4.81225132677577938E-01
   403     5.82900932924738058E+00   4.80425992992693174E-01
   404     5.77313406972691645E+00   4.79639633316278235E-01
   405     5.71734904970578928E+00   4.78865837366723501E-01
   406     5.66165283425853438E+00   4.78104391685611141E-01
   407     5.60604401543529285E+00   4.77355088905255354E-01
   408     5.55052120820654338E+00   4.76617730584279031E-01
   409     5.49508304685820725E+00   4.75892123689841018E-01
   410     5.43972818762956756E+00   4.75178077504709862E-01
   411     5.38445531096611774E+00   4.74475406627705820E-01
   412     5.32926311783873885E+00   4.73783933587463957E-01
   413     5.27415032646471538E+00   4.73103485640069765E-01
   414     5.21911567474310978E+00   4.72433891946306472E-01
   415     5.16415792234420756E+00   4.71774986328784340E-01
   416     5.10927584736201634E+00   4.71126609681811415E-01
   417     5.05446824332634925E+00   4.70488607051268881E-01
   418     4.99973392145117224E+00   4.69860825054866482E-01
   419     4.94507171257124689E+00   4.69243114417060181E-01
   420     4.89048046409251125E+00   4.68635332191293885E-01
   421     4.83595903726525744E+00   4.68037339093505755E-01
   422     4.78150630925955156E+00   4.67448997141877487E-01
   423     4.72712117495889572E+00   4.66870171988421567E-01
   424     4.67280254417788221E+00   4.66300734968156827E-01
   425     4.61854933917063626E+00   4.65740560661552450E-01
   426     4.56436049654595699E+00   4.65189524733334248E-01
   427     4.51023496892714704E+00   4.64647506077573436E-01
   428     4.45617172241043402E+00   4.64114388706909520E-01
   429     4.40216973428620584E+00   4.63590059522456022E-01
   430     4.34822799480534439E+00   4.63074406333879085E-01
   431     4.29434550871366838E+00   4.62567319832960622E-01
   432     4.24052129292798696E+00   4.62068695334724833E-01
   433     4.18675437445064258E+00   4.61578430736034440E-01
   434     4.13304379199742389E+00   4.61096424701378627E-01
   435     4.07938859741420146E+00   4.60622578478329325E-01
   436     4.02578785355069080E+00   4.60156797501144244E-01
   437     3.97224063235102953E+00   4.59698989521700851E-01
   438     3.91874601635280850E+00   4.59249062947342912E-01
   439     3.86530309999279176E+00   4.58806928510138712E-01
   440     3.81191098766090342E+00   4.58372500742584621E-01
   441     3.75856879195183380E+00   4.57945696266402802E-01
   442     3.70527563504363933E+00   4.57526432270510208E-01
   443     3.65203064989899628E+00   4.57114628044770044E-01
   444     3.59883297848391948E+00   4.56710206336287394E-01
   445     3.54568177016736286E+00   4.56313091783515201E-01
   446     3.49257618298692440E+00   4.55923209523731887E-01
   447     3.43951538475148411E+00   4.55540486600832129E-01
   448     3.38649855141114875E+00   4.55164853209931497E-01
   449     3.33352486559322259E+00   4.54796241265607748E-01
   450     3.28059351776192631E+00   4.54434583129606273E-01
   451     3.22770370722771416E+00   4.54079812901156565E-01
   452     3.17485464065644374E+00   4.53731867556839086E-01
   453     3.12204553073161417E+00   4.53390685643085212E-01
   454     3.06927559721426402E+00   4.53056206115913740E-01
   455     3.01654406786366058E+00   4.52728369521412322E-01
   456     2.96385017707528675E+00   4.52407119036999594E-01
   457     2.91119316466028177E+00   4.52092399279566903E-01
   458     2.85857227681109460E+00   4.51784155249929931E-01
   459     2.80598676693784777E+00   4.51482333410347325E-01
   460     2.75343589442581438E+00   4.51186882632658937E-01
   461     2.70091892352417329E+00   4.50897753114410771E-01
   462     2.64843512422238447E+00   4.50614895421660722E-01
   463     2.59598377300600225E+00   4.50338261469554357E-01
   464     2.54356415172554584E+00   4.50067805382325881E-01
   465     2.49117554658745943E+00   4.49803482510621466E-01
   466     2.43881724894571983E+00   4.49545248567005007E-01
   467     2.38648855598049536E+00   4.49293060515042808E-01
   468     2.33418876967109679E+00   4.49046877345520623E-01
   469     2.28191719588309239E+00   4.48806659189026735E-01
   470     2.22967314507895153E+00   4.48572366539197409E-01
   471     2.17745593292265127E+00   4.48343961055105822E-01
   472     2.12526487935026420E+00   4.48121406257635801E-01
   473     2.07309930774779794E+00   4.47904666732025059E-01
   474     2.02095854558433707E+00   4.47693707434527965E-01
   475     1.96884192494525223E+00   4.47488494412391191E-01
   476     1.91674878169474661E+00   4.47288995423811286E-01
   477     1.86467845473964422E+00   4.47095179225817208E-01
   478     1.81263028658807168E+00   4.46907014960585602E-01
   479     1.76060362381354474E+00   4.46724472796770800E-01
   480     1.70859781630451968E+00   4.46547524476033963E-01
   481     1.65661221660984048E+00   4.46376142682276100E-01
   482     1.60464618042573015E+00   4.46210300504303936E-01
   483     1.55269906699255822E+00   4.46049972001807571E-01
   484     1.50077023842710644E+00   4.45895132681148276E-01
   485     1.44885905914595559E+00   4.45745758942364900E-01
   486     1.39696489628305343E+00   4.45601827615404456E-01
   487     1.34508712002079189E+00   4.45463316453666325E-01
   488     1.29322510300112126E+00   4.45330204541232233E-01
   489     1.24137821982369800E+00   4.45202471814705070E-01
   490     1.18954584739589864E+00   4.45080098670556312E-01
   491     1.13772736519957962E+00   4.44963066388759820E-01
   492     1.08592215477757459E+00   4.44851357473386944E-01
   493     1.03412959930396009E+00   4.44744955246641815E-01
   494     9.82349083867975592E-01   4.44643843525393101E-01
   495     9.30579995677521810E-01   4.44548006977012466E-01
   496     8.78821723618128714E-01   4.44457431394898128E-01
   497     8.27073657892939740E-01   4.44372103362540405E-01
   498     7.75335190241856043E-01   4.44292009997643678E-01
   499     7.23605714082380835E-01   4.44217139241934955E-01
   500     6.71884624138592845E-01   4.44147480072874079E-01
   501     6.20171316148909302E-01   4.44083022235978842E-01
   502     5.68465187021306884E-01   4.44023756055272445E-01
   503     5.16765634911966920E-01   4.43969672658531378E-01
   504     4.65072058922126441E-01   4.43920764126086276E-01
   505     4.13383858871942289E-01   4.43877023290061290E-01
   506     3.61700435392522612E-01   4.43838443610172106E-01
   507     3.10021189942335296E-01   4.43805019335574702E-01
   508     2.58345524570251950E-01   4.43776745591447419E-01
   509     2.06672841754277803E-01   4.43753618243965864E-01
   510     1.55002544430572931E-01   4.43735633840992794E-01
   511     1.03334035947563407E-01   4.43722789711311627E-01
   512     5.16667198936768823E-02   4.43715083989290271E-01
